=============== LOG ENTRY BEGIN ===============
Wed Oct 10 2018 00:08:13 GMT-0400 (Eastern Daylight Time)
 
TERMINAL COMMANDS:
$: C:\Program Files\nodejs\node.exe,C:\Users\Concordiae20\Desktop\School Assignment\liri.js,movie-this,I am Legend
 
DATA OUTPUT:
2. Tweet: checked again and if
Created at: Wed Oct 10 03:11:09 +0000 2018 
1. Tweet: it still returns true
Created at: Wed Oct 10 03:11:09 +0000 2018 
5. Tweet: returns true,
Created at: Wed Oct 10 03:11:08 +0000 2018 
3. Tweet: run. Then the condition will be
Created at: Wed Oct 10 03:11:09 +0000 2018 
4. Tweet: a code block will
Created at: Wed Oct 10 03:11:08 +0000 2018 
8. Tweet: come on
Created at: Wed Oct 10 03:11:08 +0000 2018 
6. Tweet: condition. If it
Created at: Wed Oct 10 03:11:08 +0000 2018 
10. Tweet: don't stop till
Created at: Wed Oct 10 03:11:07 +0000 2018 
7. Tweet: loops check a
Created at: Wed Oct 10 03:11:08 +0000 2018 
11. Tweet: twenty total tweets
Created at: Wed Oct 10 03:09:03 +0000 2018 
9. Tweet: you get enough
Created at: Wed Oct 10 03:11:07 +0000 2018 
14. Tweet: to go
Created at: Wed Oct 10 03:09:03 +0000 2018 
13. Tweet: before I
Created at: Wed Oct 10 03:09:03 +0000 2018 
15. Tweet: more tweets
Created at: Wed Oct 10 03:09:02 +0000 2018 
17. Tweet: I have
Created at: Wed Oct 10 03:09:02 +0000 2018 
12. Tweet: get to
Created at: Wed Oct 10 03:09:03 +0000 2018 
18. Tweet: i guess
Created at: Wed Oct 10 03:09:02 +0000 2018 
19. Tweet: what tweet is this
Created at: Wed Oct 10 03:08:05 +0000 2018 
=============== LOG ENTRY END ===============
 
16. Tweet: a few
Created at: Wed Oct 10 03:09:02 +0000 2018 
20. Tweet: a lot of effort
Created at: Wed Oct 10 03:08:05 +0000 2018 
=============== LOG ENTRY BEGIN ===============
Wed Oct 10 2018 00:40:31 GMT-0400 (Eastern Daylight Time)
 
TERMINAL COMMANDS:
$: C:\Program Files\nodejs\node.exe,C:\Users\Concordiae20\Desktop\School Assignment\liri.js,spotify-this-song,me
 
DATA OUTPUT:
2. Tweet: checked again and if
Created at: Wed Oct 10 03:11:09 +0000 2018 
1. Tweet: it still returns true
Created at: Wed Oct 10 03:11:09 +0000 2018 
3. Tweet: run. Then the condition will be
Created at: Wed Oct 10 03:11:09 +0000 2018 
4. Tweet: a code block will
Created at: Wed Oct 10 03:11:08 +0000 2018 
5. Tweet: returns true,
Created at: Wed Oct 10 03:11:08 +0000 2018 
6. Tweet: condition. If it
Created at: Wed Oct 10 03:11:08 +0000 2018 
7. Tweet: loops check a
Created at: Wed Oct 10 03:11:08 +0000 2018 
8. Tweet: come on
Created at: Wed Oct 10 03:11:08 +0000 2018 
9. Tweet: you get enough
Created at: Wed Oct 10 03:11:07 +0000 2018 
10. Tweet: don't stop till
Created at: Wed Oct 10 03:11:07 +0000 2018 
11. Tweet: twenty total tweets
Created at: Wed Oct 10 03:09:03 +0000 2018 
12. Tweet: get to
Created at: Wed Oct 10 03:09:03 +0000 2018 
13. Tweet: before I
Created at: Wed Oct 10 03:09:03 +0000 2018 
14. Tweet: to go
Created at: Wed Oct 10 03:09:03 +0000 2018 
15. Tweet: more tweets
Created at: Wed Oct 10 03:09:02 +0000 2018 
16. Tweet: a few
Created at: Wed Oct 10 03:09:02 +0000 2018 
17. Tweet: I have
Created at: Wed Oct 10 03:09:02 +0000 2018 
18. Tweet: i guess
Created at: Wed Oct 10 03:09:02 +0000 2018 
19. Tweet: what tweet is this
Created at: Wed Oct 10 03:08:05 +0000 2018 
20. Tweet: a lot of effort
Created at: Wed Oct 10 03:08:05 +0000 2018 
=============== LOG ENTRY END ===============
 
=============== LOG ENTRY BEGIN ===============
Wed Oct 10 2018 00:46:02 GMT-0400 (Eastern Daylight Time)
 
TERMINAL COMMANDS:
$: C:\Program Files\nodejs\node.exe,C:\Users\Concordiae20\Desktop\School Assignment\liri.js,spotify-this-song,me
 
DATA OUTPUT:
2. Tweet: checked again and if
Created at: Wed Oct 10 03:11:09 +0000 2018 
1. Tweet: it still returns true
Created at: Wed Oct 10 03:11:09 +0000 2018 
3. Tweet: run. Then the condition will be
Created at: Wed Oct 10 03:11:09 +0000 2018 
4. Tweet: a code block will
Created at: Wed Oct 10 03:11:08 +0000 2018 
5. Tweet: returns true,
Created at: Wed Oct 10 03:11:08 +0000 2018 
6. Tweet: condition. If it
Created at: Wed Oct 10 03:11:08 +0000 2018 
7. Tweet: loops check a
Created at: Wed Oct 10 03:11:08 +0000 2018 
9. Tweet: you get enough
Created at: Wed Oct 10 03:11:07 +0000 2018 
10. Tweet: don't stop till
Created at: Wed Oct 10 03:11:07 +0000 2018 
11. Tweet: twenty total tweets
Created at: Wed Oct 10 03:09:03 +0000 2018 
13. Tweet: before I
Created at: Wed Oct 10 03:09:03 +0000 2018 
12. Tweet: get to
Created at: Wed Oct 10 03:09:03 +0000 2018 
8. Tweet: come on
Created at: Wed Oct 10 03:11:08 +0000 2018 
15. Tweet: more tweets
Created at: Wed Oct 10 03:09:02 +0000 2018 
16. Tweet: a few
Created at: Wed Oct 10 03:09:02 +0000 2018 
17. Tweet: I have
Created at: Wed Oct 10 03:09:02 +0000 2018 
18. Tweet: i guess
Created at: Wed Oct 10 03:09:02 +0000 2018 
19. Tweet: what tweet is this
Created at: Wed Oct 10 03:08:05 +0000 2018 
=============== LOG ENTRY END ===============
 
20. Tweet: a lot of effort
Created at: Wed Oct 10 03:08:05 +0000 2018 
14. Tweet: to go
Created at: Wed Oct 10 03:09:03 +0000 2018 
=============== LOG ENTRY BEGIN ===============
Wed Oct 10 2018 12:59:00 GMT-0400 (Eastern Daylight Time)
 
TERMINAL COMMANDS:
$: C:\Program Files\nodejs\node.exe,C:\Users\Concordiae20\Desktop\School Assignment\liri.js,mytweets
 
DATA OUTPUT:
1. Tweet: it still returns true
Created at: Wed Oct 10 03:11:09 +0000 2018 
3. Tweet: run. Then the condition will be
Created at: Wed Oct 10 03:11:09 +0000 2018 
2. Tweet: checked again and if
Created at: Wed Oct 10 03:11:09 +0000 2018 
6. Tweet: condition. If it
Created at: Wed Oct 10 03:11:08 +0000 2018 
4. Tweet: a code block will
Created at: Wed Oct 10 03:11:08 +0000 2018 
8. Tweet: come on
Created at: Wed Oct 10 03:11:08 +0000 2018 
5. Tweet: returns true,
Created at: Wed Oct 10 03:11:08 +0000 2018 
9. Tweet: you get enough
Created at: Wed Oct 10 03:11:07 +0000 2018 
10. Tweet: don't stop till
Created at: Wed Oct 10 03:11:07 +0000 2018 
11. Tweet: twenty total tweets
Created at: Wed Oct 10 03:09:03 +0000 2018 
12. Tweet: get to
Created at: Wed Oct 10 03:09:03 +0000 2018 
7. Tweet: loops check a
Created at: Wed Oct 10 03:11:08 +0000 2018 
13. Tweet: before I
Created at: Wed Oct 10 03:09:03 +0000 2018 
15. Tweet: more tweets
Created at: Wed Oct 10 03:09:02 +0000 2018 
16. Tweet: a few
Created at: Wed Oct 10 03:09:02 +0000 2018 
17. Tweet: I have
Created at: Wed Oct 10 03:09:02 +0000 2018 
19. Tweet: what tweet is this
Created at: Wed Oct 10 03:08:05 +0000 2018 
14. Tweet: to go
Created at: Wed Oct 10 03:09:03 +0000 2018 
20. Tweet: a lot of effort
Created at: Wed Oct 10 03:08:05 +0000 2018 
18. Tweet: i guess
Created at: Wed Oct 10 03:09:02 +0000 2018 
=============== LOG ENTRY END ===============
 
=============== LOG ENTRY BEGIN ===============
Wed Oct 10 2018 14:41:56 GMT-0400 (Eastern Daylight Time)
 
TERMINAL COMMANDS:
$: C:\Program Files\nodejs\node.exe,C:\Users\Concordiae20\Desktop\School Assignment\liri.js,mytweets
 
DATA OUTPUT:
1. Tweet: it still returns true
Created at: Wed Oct 10 03:11:09 +0000 2018 
2. Tweet: checked again and if
Created at: Wed Oct 10 03:11:09 +0000 2018 
4. Tweet: a code block will
Created at: Wed Oct 10 03:11:08 +0000 2018 
3. Tweet: run. Then the condition will be
Created at: Wed Oct 10 03:11:09 +0000 2018 
6. Tweet: condition. If it
Created at: Wed Oct 10 03:11:08 +0000 2018 
7. Tweet: loops check a
Created at: Wed Oct 10 03:11:08 +0000 2018 
9. Tweet: you get enough
Created at: Wed Oct 10 03:11:07 +0000 2018 
5. Tweet: returns true,
Created at: Wed Oct 10 03:11:08 +0000 2018 
11. Tweet: twenty total tweets
Created at: Wed Oct 10 03:09:03 +0000 2018 
12. Tweet: get to
Created at: Wed Oct 10 03:09:03 +0000 2018 
10. Tweet: don't stop till
Created at: Wed Oct 10 03:11:07 +0000 2018 
13. Tweet: before I
Created at: Wed Oct 10 03:09:03 +0000 2018 
8. Tweet: come on
Created at: Wed Oct 10 03:11:08 +0000 2018 
15. Tweet: more tweets
Created at: Wed Oct 10 03:09:02 +0000 2018 
14. Tweet: to go
Created at: Wed Oct 10 03:09:03 +0000 2018 
17. Tweet: I have
Created at: Wed Oct 10 03:09:02 +0000 2018 
19. Tweet: what tweet is this
Created at: Wed Oct 10 03:08:05 +0000 2018 
20. Tweet: a lot of effort
Created at: Wed Oct 10 03:08:05 +0000 2018 
16. Tweet: a few
Created at: Wed Oct 10 03:09:02 +0000 2018 
18. Tweet: i guess
Created at: Wed Oct 10 03:09:02 +0000 2018 
=============== LOG ENTRY END ===============
 
=============== LOG ENTRY BEGIN ===============
Thu Oct 11 2018 15:02:21 GMT-0400 (Eastern Daylight Time)
 
TERMINAL COMMANDS:
$: C:\Program Files\nodejs\node.exe,C:\Users\Concordiae20\Desktop\School Assignment\liri.js,mytweets
 
DATA OUTPUT:
1. Tweet: it still returns true
Created at: Wed Oct 10 03:11:09 +0000 2018 
3. Tweet: run. Then the condition will be
Created at: Wed Oct 10 03:11:09 +0000 2018 
2. Tweet: checked again and if
Created at: Wed Oct 10 03:11:09 +0000 2018 
4. Tweet: a code block will
Created at: Wed Oct 10 03:11:08 +0000 2018 
5. Tweet: returns true,
Created at: Wed Oct 10 03:11:08 +0000 2018 
6. Tweet: condition. If it
Created at: Wed Oct 10 03:11:08 +0000 2018 
7. Tweet: loops check a
Created at: Wed Oct 10 03:11:08 +0000 2018 
8. Tweet: come on
Created at: Wed Oct 10 03:11:08 +0000 2018 
9. Tweet: you get enough
Created at: Wed Oct 10 03:11:07 +0000 2018 
10. Tweet: don't stop till
Created at: Wed Oct 10 03:11:07 +0000 2018 
11. Tweet: twenty total tweets
Created at: Wed Oct 10 03:09:03 +0000 2018 
12. Tweet: get to
Created at: Wed Oct 10 03:09:03 +0000 2018 
13. Tweet: before I
Created at: Wed Oct 10 03:09:03 +0000 2018 
14. Tweet: to go
Created at: Wed Oct 10 03:09:03 +0000 2018 
15. Tweet: more tweets
Created at: Wed Oct 10 03:09:02 +0000 2018 
16. Tweet: a few
Created at: Wed Oct 10 03:09:02 +0000 2018 
17. Tweet: I have
Created at: Wed Oct 10 03:09:02 +0000 2018 
18. Tweet: i guess
Created at: Wed Oct 10 03:09:02 +0000 2018 
19. Tweet: what tweet is this
Created at: Wed Oct 10 03:08:05 +0000 2018 
20. Tweet: a lot of effort
Created at: Wed Oct 10 03:08:05 +0000 2018 
=============== LOG ENTRY END ===============
 
